<?xml version="1.0" encoding="UTF-8"?>
<!-- Generated by org.testng.reporters.JUnitXMLReporter -->
<testsuite hostname="BDAVIS-MAC.hsd1.ma.comcast.net" name="Exclude/Include Tests" tests="3" failures="0" timestamp="19 Feb 2015 03:38:37 GMT" time="15.959" errors="0">
  <testcase name="MethodOne" time="7.72" classname="TestNGOnePackage.ClassOne"/>
  <testcase name="One" time="1.365" classname="TestNGOnePackage.ClassOne"/>
  <testcase name="MethodTwo" time="6.554" classname="TestNGTwoPackage.ClassTwo"/>
</testsuite> <!-- Exclude/Include Tests -->
