<?xml version="1.0" encoding="UTF-8"?>
<!-- Generated by org.testng.reporters.JUnitXMLReporter -->
<testsuite hostname="BDAVIS-MAC.local" name="Group Priority Tests" tests="5" failures="0" timestamp="20 Feb 2015 17:23:58 GMT" time="0.701" errors="0">
  <testcase name="Test2" time="0.019" classname="TestNGThreePackage.ClassTwo"/>
  <testcase name="Group1_Test2" time="0.0" classname="TestNGThreePackage.ClassTwo"/>
  <testcase name="Group1_Test1" time="0.0" classname="TestNGThreePackage.ClassTwo"/>
  <testcase name="Test3" time="0.001" classname="TestNGThreePackage.ClassTwo"/>
  <testcase name="Test4" time="0.001" classname="TestNGThreePackage.ClassTwo"/>
</testsuite> <!-- Group Priority Tests -->
