<?xml version="1.0" encoding="UTF-8"?>
<!-- Generated by org.testng.reporters.JUnitXMLReporter -->
<testsuite hostname="BDAVIS-MAC.hsd1.ma.comcast.net" name="Package 1 Test" tests="7" failures="0" timestamp="19 Feb 2015 02:54:51 GMT" time="4.257" errors="0">
  <testcase name="f" time="0.0" classname="TestNGOnePackage.AllAnnontations"/>
  <testcase name="MethodOne" time="4.075" classname="TestNGOnePackage.ClassOne"/>
  <testcase name="f" time="0.0" classname="TestNGOnePackage.ClassThree"/>
  <testcase name="f" time="0.0" classname="TestNGOnePackage.ClassTwo"/>
  <testcase name="f" time="0.001" classname="TestNGOnePackage.TestCase_NG"/>
  <testcase name="Test1" time="0.0" classname="TestNGOnePackage.TestNGTest"/>
  <testcase name="Test2" time="0.001" classname="TestNGOnePackage.TestNGTest"/>
</testsuite> <!-- Package 1 Test -->
