<?xml version="1.0" encoding="UTF-8"?>
<!-- Generated by org.testng.reporters.JUnitXMLReporter -->
<testsuite hostname="BDAVIS-MAC.hsd1.ma.comcast.net" name="Priority Tests" tests="3" failures="0" timestamp="19 Feb 2015 04:56:10 GMT" time="0.027" errors="0">
  <testcase name="Test3" time="0.014" classname="TestNGThreePackage.ClassTwo"/>
  <testcase name="Test2" time="0.0" classname="TestNGThreePackage.ClassTwo"/>
  <testcase name="Test4" time="0.001" classname="TestNGThreePackage.ClassTwo"/>
</testsuite> <!-- Priority Tests -->
