<?xml version="1.0" encoding="UTF-8"?>
<!-- Generated by org.testng.reporters.JUnitXMLReporter -->
<testsuite hostname="BDAVIS-MAC.hsd1.ma.comcast.net" name="Test Name 2" tests="1" failures="1" timestamp="19 Feb 2015 02:46:22 GMT" time="3.888" errors="0">
  <testcase name="MethodOne" time="3.784" classname="TestNGTwoPackage.ClassOne">
    <failure type="junit.framework.ComparisonFailure" message="expected:&amp;lt;Amazon.com[]&amp;gt; but was:&amp;lt;Amazon.com[: Online Shopping for Electronics, Apparel, Computers, Books, DVDs &amp;amp; more]&amp;gt;">
      <![CDATA[junit.framework.ComparisonFailure: expected:<Amazon.com[]> but was:<Amazon.com[: Online Shopping for Electronics, Apparel, Computers, Books, DVDs & more]>
	at junit.framework.Assert.assertEquals(Assert.java:100)
	at junit.framework.Assert.assertEquals(Assert.java:107)
	at TestNGTwoPackage.ClassOne.MethodOne(ClassOne.java:26)
... Removed 24 stack frames]]>
    </failure>
  </testcase> <!-- MethodOne -->
</testsuite> <!-- Test Name 2 -->
